# JRE version: OpenJDK Runtime Environment Temurin-21.0.6+7 (21.0.6+7) (build 21.0.6+7-LTS)
# Java VM: OpenJDK 64-Bit Server VM Temurin-21.0.6+7 (21.0.6+7-LTS, mixed mode, sharing, tiered, compressed oops, compressed class ptrs, parallel gc, windows-amd64)
GC Precious Log:
 CardTable entry size: 512
 CPUs: 8 total, 8 available
 Memory: 7959M
 Large Page Support: Disabled
 NUMA Support: Disabled
 Compressed Oops: Enabled (32-bit)
 Alignments: Space 512K, Generation 512K, Heap 2M
 Heap Min Capacity: 100M
 Heap Initial Capacity: 100M
 Heap Max Capacity: 1G
 Pre-touch: Disabled
 Parallel Workers: 8
Heap:
 PSYoungGen      total 7680K, used 4930K [0x00000000eab00000, 0x00000000eb680000, 0x0000000100000000)
  eden space 6656K, 60% used [0x00000000eab00000,0x00000000eaee8bd0,0x00000000eb180000)
  from space 1024K, 90% used [0x00000000eb500000,0x00000000eb5e8000,0x00000000eb600000)
  to   space 512K, 0% used [0x00000000eb600000,0x00000000eb600000,0x00000000eb680000)
 ParOldGen       total 696320K, used 696131K [0x00000000c0000000, 0x00000000ea800000, 0x00000000eab00000)
  object space 696320K, 99% used [0x00000000c0000000,0x00000000ea7d0ee0,0x00000000ea800000)
 Metaspace       used 78902K, committed 80576K, reserved 1179648K
  class space    used 8181K, committed 8896K, reserved 1048576K
GC Heap History (20 events):
Event: 41423.530 GC heap before
{Heap before GC invocations=821 (full 3):
 PSYoungGen      total 7680K, used 6635K [0x00000000eab00000, 0x00000000eb400000, 0x0000000100000000)
  eden space 6656K, 95% used [0x00000000eab00000,0x00000000eb132cd8,0x00000000eb180000)
  from space 1024K, 28% used [0x00000000eb200000,0x00000000eb248000,0x00000000eb300000)
  to   space 512K, 0% used [0x00000000eb380000,0x00000000eb380000,0x00000000eb400000)
 ParOldGen       total 685056K, used 684580K [0x00000000c0000000, 0x00000000e9d00000, 0x00000000eab00000)
  object space 685056K, 99% used [0x00000000c0000000,0x00000000e9c891d0,0x00000000e9d00000)
 Metaspace       used 78718K, committed 80384K, reserved 1179648K
  class space    used 8174K, committed 8896K, reserved 1048576K
}
Event: 41423.533 GC heap after
{Heap after GC invocations=821 (full 3):
 PSYoungGen      total 7168K, used 224K [0x00000000eab00000, 0x00000000eb400000, 0x0000000100000000)
  eden space 6656K, 0% used [0x00000000eab00000,0x00000000eab00000,0x00000000eb180000)
  from space 512K, 43% used [0x00000000eb380000,0x00000000eb3b8000,0x00000000eb400000)
  to   space 512K, 0% used [0x00000000eb300000,0x00000000eb300000,0x00000000eb380000)
 ParOldGen       total 685056K, used 684708K [0x00000000c0000000, 0x00000000e9d00000, 0x00000000eab00000)
  object space 685056K, 99% used [0x00000000c0000000,0x00000000e9ca91d0,0x00000000e9d00000)
 Metaspace       used 78718K, committed 80384K, reserved 1179648K
  class space    used 8174K, committed 8896K, reserved 1048576K
}
Event: 41423.543 GC heap before
{Heap before GC invocations=822 (full 3):
 PSYoungGen      total 7168K, used 6877K [0x00000000eab00000, 0x00000000eb400000, 0x0000000100000000)
  eden space 6656K, 99% used [0x00000000eab00000,0x00000000eb17f610,0x00000000eb180000)
  from space 512K, 43% used [0x00000000eb380000,0x00000000eb3b8000,0x00000000eb400000)
  to   space 512K, 0% used [0x00000000eb300000,0x00000000eb300000,0x00000000eb380000)
 ParOldGen       total 685056K, used 684708K [0x00000000c0000000, 0x00000000e9d00000, 0x00000000eab00000)
  object space 685056K, 99% used [0x00000000c0000000,0x00000000e9ca91d0,0x00000000e9d00000)
 Metaspace       used 78740K, committed 80448K, reserved 1179648K
  class space    used 8174K, committed 8896K, reserved 1048576K
}
Event: 41423.547 GC heap after
{Heap after GC invocations=822 (full 3):
 PSYoungGen      total 7168K, used 480K [0x00000000eab00000, 0x00000000eb400000, 0x0000000100000000)
  eden space 6656K, 0% used [0x00000000eab00000,0x00000000eab00000,0x00000000eb180000)
  from space 512K, 93% used [0x00000000eb300000,0x00000000eb378000,0x00000000eb380000)
  to   space 512K, 0% used [0x00000000eb380000,0x00000000eb380000,0x00000000eb400000)
 ParOldGen       total 689152K, used 688455K [0x00000000c0000000, 0x00000000ea100000, 0x00000000eab00000)
  object space 689152K, 99% used [0x00000000c0000000,0x00000000ea051d90,0x00000000ea100000)
 Metaspace       used 78740K, committed 80448K, reserved 1179648K
  class space    used 8174K, committed 8896K, reserved 1048576K
}
Event: 41423.562 GC heap before
{Heap before GC invocations=823 (full 3):
 PSYoungGen      total 7168K, used 7123K [0x00000000eab00000, 0x00000000eb400000, 0x0000000100000000)
  eden space 6656K, 99% used [0x00000000eab00000,0x00000000eb17cca8,0x00000000eb180000)
  from space 512K, 93% used [0x00000000eb300000,0x00000000eb378000,0x00000000eb380000)
  to   space 512K, 0% used [0x00000000eb380000,0x00000000eb380000,0x00000000eb400000)
 ParOldGen       total 689152K, used 688455K [0x00000000c0000000, 0x00000000ea100000, 0x00000000eab00000)
  object space 689152K, 99% used [0x00000000c0000000,0x00000000ea051d90,0x00000000ea100000)
 Metaspace       used 78744K, committed 80448K, reserved 1179648K
  class space    used 8174K, committed 8896K, reserved 1048576K
}
Event: 41423.566 GC heap after
{Heap after GC invocations=823 (full 3):
 PSYoungGen      total 7168K, used 192K [0x00000000eab00000, 0x00000000eb400000, 0x0000000100000000)
  eden space 6656K, 0% used [0x00000000eab00000,0x00000000eab00000,0x00000000eb180000)
  from space 512K, 37% used [0x00000000eb380000,0x00000000eb3b0000,0x00000000eb400000)
  to   space 512K, 0% used [0x00000000eb300000,0x00000000eb300000,0x00000000eb380000)
 ParOldGen       total 691200K, used 690265K [0x00000000c0000000, 0x00000000ea300000, 0x00000000eab00000)
  object space 691200K, 99% used [0x00000000c0000000,0x00000000ea216650,0x00000000ea300000)
 Metaspace       used 78744K, committed 80448K, reserved 1179648K
  class space    used 8174K, committed 8896K, reserved 1048576K
}
Event: 41423.591 GC heap before
{Heap before GC invocations=824 (full 3):
 PSYoungGen      total 7168K, used 6762K [0x00000000eab00000, 0x00000000eb400000, 0x0000000100000000)
  eden space 6656K, 98% used [0x00000000eab00000,0x00000000eb16a828,0x00000000eb180000)
  from space 512K, 37% used [0x00000000eb380000,0x00000000eb3b0000,0x00000000eb400000)
  to   space 512K, 0% used [0x00000000eb300000,0x00000000eb300000,0x00000000eb380000)
 ParOldGen       total 691200K, used 690265K [0x00000000c0000000, 0x00000000ea300000, 0x00000000eab00000)
  object space 691200K, 99% used [0x00000000c0000000,0x00000000ea216650,0x00000000ea300000)
 Metaspace       used 78751K, committed 80448K, reserved 1179648K
  class space    used 8174K, committed 8896K, reserved 1048576K
}
Event: 41423.595 GC heap after
{Heap after GC invocations=824 (full 3):
 PSYoungGen      total 7168K, used 512K [0x00000000eab00000, 0x00000000ebb80000, 0x0000000100000000)
  eden space 6656K, 0% used [0x00000000eab00000,0x00000000eab00000,0x00000000eb180000)
  from space 512K, 100% used [0x00000000eb300000,0x00000000eb380000,0x00000000eb380000)
  to   space 5120K, 0% used [0x00000000eb680000,0x00000000eb680000,0x00000000ebb80000)
 ParOldGen       total 695296K, used 693935K [0x00000000c0000000, 0x00000000ea700000, 0x00000000eab00000)
  object space 695296K, 99% used [0x00000000c0000000,0x00000000ea5abf20,0x00000000ea700000)
 Metaspace       used 78751K, committed 80448K, reserved 1179648K
  class space    used 8174K, committed 8896K, reserved 1048576K
}
Event: 41423.611 GC heap before
{Heap before GC invocations=825 (full 3):
 PSYoungGen      total 7168K, used 6081K [0x00000000eab00000, 0x00000000ebb80000, 0x0000000100000000)
  eden space 6656K, 83% used [0x00000000eab00000,0x00000000eb0707d0,0x00000000eb180000)
  from space 512K, 100% used [0x00000000eb300000,0x00000000eb380000,0x00000000eb380000)
  to   space 5120K, 0% used [0x00000000eb680000,0x00000000eb680000,0x00000000ebb80000)
 ParOldGen       total 695296K, used 693935K [0x00000000c0000000, 0x00000000ea700000, 0x00000000eab00000)
  object space 695296K, 99% used [0x00000000c0000000,0x00000000ea5abf20,0x00000000ea700000)
 Metaspace       used 78751K, committed 80448K, reserved 1179648K
  class space    used 8174K, committed 8896K, reserved 1048576K
}
Event: 41423.614 GC heap after
{Heap after GC invocations=825 (full 3):
 PSYoungGen      total 7168K, used 128K [0x00000000eab00000, 0x00000000eb700000, 0x0000000100000000)
  eden space 6656K, 0% used [0x00000000eab00000,0x00000000eab00000,0x00000000eb180000)
  from space 512K, 25% used [0x00000000eb680000,0x00000000eb6a0000,0x00000000eb700000)
  to   space 2048K, 0% used [0x00000000eb300000,0x00000000eb300000,0x00000000eb500000)
 ParOldGen       total 695296K, used 694404K [0x00000000c0000000, 0x00000000ea700000, 0x00000000eab00000)
  object space 695296K, 99% used [0x00000000c0000000,0x00000000ea6213a0,0x00000000ea700000)
 Metaspace       used 78751K, committed 80448K, reserved 1179648K
  class space    used 8174K, committed 8896K, reserved 1048576K
}
Event: 41423.625 GC heap before
{Heap before GC invocations=826 (full 3):
 PSYoungGen      total 7168K, used 5073K [0x00000000eab00000, 0x00000000eb700000, 0x0000000100000000)
  eden space 6656K, 74% used [0x00000000eab00000,0x00000000eafd45b0,0x00000000eb180000)
  from space 512K, 25% used [0x00000000eb680000,0x00000000eb6a0000,0x00000000eb700000)
  to   space 2048K, 0% used [0x00000000eb300000,0x00000000eb300000,0x00000000eb500000)
 ParOldGen       total 695296K, used 694404K [0x00000000c0000000, 0x00000000ea700000, 0x00000000eab00000)
  object space 695296K, 99% used [0x00000000c0000000,0x00000000ea6213a0,0x00000000ea700000)
 Metaspace       used 78751K, committed 80448K, reserved 1179648K
  class space    used 8174K, committed 8896K, reserved 1048576K
}
Event: 41423.627 GC heap after
{Heap after GC invocations=826 (full 3):
 PSYoungGen      total 8704K, used 160K [0x00000000eab00000, 0x00000000eb700000, 0x0000000100000000)
  eden space 6656K, 0% used [0x00000000eab00000,0x00000000eab00000,0x00000000eb180000)
  from space 2048K, 7% used [0x00000000eb300000,0x00000000eb328000,0x00000000eb500000)
  to   space 512K, 0% used [0x00000000eb680000,0x00000000eb680000,0x00000000eb700000)
 ParOldGen       total 695296K, used 694444K [0x00000000c0000000, 0x00000000ea700000, 0x00000000eab00000)
  object space 695296K, 99% used [0x00000000c0000000,0x00000000ea62b3a0,0x00000000ea700000)
 Metaspace       used 78751K, committed 80448K, reserved 1179648K
  class space    used 8174K, committed 8896K, reserved 1048576K
}
Event: 41423.687 GC heap before
{Heap before GC invocations=827 (full 3):
 PSYoungGen      total 8704K, used 6816K [0x00000000eab00000, 0x00000000eb700000, 0x0000000100000000)
  eden space 6656K, 100% used [0x00000000eab00000,0x00000000eb180000,0x00000000eb180000)
  from space 2048K, 7% used [0x00000000eb300000,0x00000000eb328000,0x00000000eb500000)
  to   space 512K, 0% used [0x00000000eb680000,0x00000000eb680000,0x00000000eb700000)
 ParOldGen       total 695296K, used 694444K [0x00000000c0000000, 0x00000000ea700000, 0x00000000eab00000)
  object space 695296K, 99% used [0x00000000c0000000,0x00000000ea62b3a0,0x00000000ea700000)
 Metaspace       used 78764K, committed 80448K, reserved 1179648K
  class space    used 8174K, committed 8896K, reserved 1048576K
}
Event: 41423.689 GC heap after
{Heap after GC invocations=827 (full 3):
 PSYoungGen      total 7168K, used 512K [0x00000000eab00000, 0x00000000eb700000, 0x0000000100000000)
  eden space 6656K, 0% used [0x00000000eab00000,0x00000000eab00000,0x00000000eb180000)
  from space 512K, 100% used [0x00000000eb680000,0x00000000eb700000,0x00000000eb700000)
  to   space 1024K, 0% used [0x00000000eb500000,0x00000000eb500000,0x00000000eb600000)
 ParOldGen       total 695296K, used 694556K [0x00000000c0000000, 0x00000000ea700000, 0x00000000eab00000)
  object space 695296K, 99% used [0x00000000c0000000,0x00000000ea6473a0,0x00000000ea700000)
 Metaspace       used 78764K, committed 80448K, reserved 1179648K
  class space    used 8174K, committed 8896K, reserved 1048576K
}
Event: 41424.423 GC heap before
{Heap before GC invocations=828 (full 3):
 PSYoungGen      total 7168K, used 7022K [0x00000000eab00000, 0x00000000eb700000, 0x0000000100000000)
  eden space 6656K, 97% used [0x00000000eab00000,0x00000000eb15bb68,0x00000000eb180000)
  from space 512K, 100% used [0x00000000eb680000,0x00000000eb700000,0x00000000eb700000)
  to   space 1024K, 0% used [0x00000000eb500000,0x00000000eb500000,0x00000000eb600000)
 ParOldGen       total 695296K, used 694556K [0x00000000c0000000, 0x00000000ea700000, 0x00000000eab00000)
  object space 695296K, 99% used [0x00000000c0000000,0x00000000ea6473a0,0x00000000ea700000)
 Metaspace       used 78777K, committed 80448K, reserved 1179648K
  class space    used 8174K, committed 8896K, reserved 1048576K
}
Event: 41424.426 GC heap after
{Heap after GC invocations=828 (full 3):
 PSYoungGen      total 7680K, used 1008K [0x00000000eab00000, 0x00000000eb700000, 0x0000000100000000)
  eden space 6656K, 0% used [0x00000000eab00000,0x00000000eab00000,0x00000000eb180000)
  from space 1024K, 98% used [0x00000000eb500000,0x00000000eb5fc010,0x00000000eb600000)
  to   space 1024K, 0% used [0x00000000eb600000,0x00000000eb600000,0x00000000eb700000)
 ParOldGen       total 695296K, used 695020K [0x00000000c0000000, 0x00000000ea700000, 0x00000000eab00000)
  object space 695296K, 99% used [0x00000000c0000000,0x00000000ea6bb3a0,0x00000000ea700000)
 Metaspace       used 78777K, committed 80448K, reserved 1179648K
  class space    used 8174K, committed 8896K, reserved 1048576K
}
Event: 41424.689 GC heap before
{Heap before GC invocations=829 (full 3):
 PSYoungGen      total 7680K, used 7664K [0x00000000eab00000, 0x00000000eb700000, 0x0000000100000000)
  eden space 6656K, 100% used [0x00000000eab00000,0x00000000eb180000,0x00000000eb180000)
  from space 1024K, 98% used [0x00000000eb500000,0x00000000eb5fc010,0x00000000eb600000)
  to   space 1024K, 0% used [0x00000000eb600000,0x00000000eb600000,0x00000000eb700000)
 ParOldGen       total 695296K, used 695020K [0x00000000c0000000, 0x00000000ea700000, 0x00000000eab00000)
  object space 695296K, 99% used [0x00000000c0000000,0x00000000ea6bb3a0,0x00000000ea700000)
 Metaspace       used 78836K, committed 80512K, reserved 1179648K
  class space    used 8175K, committed 8896K, reserved 1048576K
}
Event: 41424.692 GC heap after
{Heap after GC invocations=829 (full 3):
 PSYoungGen      total 7680K, used 624K [0x00000000eab00000, 0x00000000eb700000, 0x0000000100000000)
  eden space 6656K, 0% used [0x00000000eab00000,0x00000000eab00000,0x00000000eb180000)
  from space 1024K, 60% used [0x00000000eb600000,0x00000000eb69c010,0x00000000eb700000)
  to   space 1024K, 0% used [0x00000000eb500000,0x00000000eb500000,0x00000000eb600000)
 ParOldGen       total 696320K, used 695963K [0x00000000c0000000, 0x00000000ea800000, 0x00000000eab00000)
  object space 696320K, 99% used [0x00000000c0000000,0x00000000ea7a6ee0,0x00000000ea800000)
 Metaspace       used 78836K, committed 80512K, reserved 1179648K
  class space    used 8175K, committed 8896K, reserved 1048576K
}
Event: 41425.193 GC heap before
{Heap before GC invocations=830 (full 3):
 PSYoungGen      total 7680K, used 7280K [0x00000000eab00000, 0x00000000eb700000, 0x0000000100000000)
  eden space 6656K, 100% used [0x00000000eab00000,0x00000000eb180000,0x00000000eb180000)
  from space 1024K, 60% used [0x00000000eb600000,0x00000000eb69c010,0x00000000eb700000)
  to   space 1024K, 0% used [0x00000000eb500000,0x00000000eb500000,0x00000000eb600000)
 ParOldGen       total 696320K, used 695963K [0x00000000c0000000, 0x00000000ea800000, 0x00000000eab00000)
  object space 696320K, 99% used [0x00000000c0000000,0x00000000ea7a6ee0,0x00000000ea800000)
 Metaspace       used 78884K, committed 80512K, reserved 1179648K
  class space    used 8181K, committed 8896K, reserved 1048576K
}
Event: 41425.196 GC heap after
{Heap after GC invocations=830 (full 3):
 PSYoungGen      total 7680K, used 928K [0x00000000eab00000, 0x00000000eb680000, 0x0000000100000000)
  eden space 6656K, 0% used [0x00000000eab00000,0x00000000eab00000,0x00000000eb180000)
  from space 1024K, 90% used [0x00000000eb500000,0x00000000eb5e8000,0x00000000eb600000)
  to   space 512K, 0% used [0x00000000eb600000,0x00000000eb600000,0x00000000eb680000)
 ParOldGen       total 696320K, used 696131K [0x00000000c0000000, 0x00000000ea800000, 0x00000000eab00000)
  object space 696320K, 99% used [0x00000000c0000000,0x00000000ea7d0ee0,0x00000000ea800000)
 Metaspace       used 78884K, committed 80512K, reserved 1179648K
  class space    used 8181K, committed 8896K, reserved 1048576K
}

